Determining if the pthread_create exist failed with the following output:
Change Dir: /home/maik/projects/lisa_geko/GeKo/build/dependencies/glfw/src/glfw-build/CMakeFiles/CMakeTmp

Run Build Command:/usr/bin/make "cmTryCompileExec3349475978/fast"
make[3]: Entering directory `/home/maik/projects/lisa_geko/GeKo/build/dependencies/glfw/src/glfw-build/CMakeFiles/CMakeTmp'
/usr/bin/make -f CMakeFiles/cmTryCompileExec3349475978.dir/build.make CMakeFiles/cmTryCompileExec3349475978.dir/build
make[4]: Entering directory `/home/maik/projects/lisa_geko/GeKo/build/dependencies/glfw/src/glfw-build/CMakeFiles/CMakeTmp'
/usr/bin/cmake -E cmake_progress_report /home/maik/projects/lisa_geko/GeKo/build/dependencies/glfw/src/glfw-build/CMakeFiles/CMakeTmp/CMakeFiles 1
Building C object CMakeFiles/cmTryCompileExec3349475978.dir/CheckSymbolExists.c.o
/usr/bin/cc    -o CMakeFiles/cmTryCompileExec3349475978.dir/CheckSymbolExists.c.o   -c /home/maik/projects/lisa_geko/GeKo/build/dependencies/glfw/src/glfw-build/CMakeFiles/CMakeTmp/CheckSymbolExists.c
Linking C executable cmTryCompileExec3349475978
/usr/bin/cmake -E cmake_link_script CMakeFiles/cmTryCompileExec3349475978.dir/link.txt --verbose=1
/usr/bin/cc       CMakeFiles/cmTryCompileExec3349475978.dir/CheckSymbolExists.c.o  -o cmTryCompileExec3349475978 -rdynamic 
CMakeFiles/cmTryCompileExec3349475978.dir/CheckSymbolExists.c.o: In function `main':
CheckSymbolExists.c:(.text+0x16): undefined reference to `pthread_create'
collect2: error: ld returned 1 exit status
make[4]: *** [cmTryCompileExec3349475978] Error 1
make[4]: Leaving directory `/home/maik/projects/lisa_geko/GeKo/build/dependencies/glfw/src/glfw-build/CMakeFiles/CMakeTmp'
make[3]: *** [cmTryCompileExec3349475978/fast] Error 2
make[3]: Leaving directory `/home/maik/projects/lisa_geko/GeKo/build/dependencies/glfw/src/glfw-build/CMakeFiles/CMakeTmp'

File /home/maik/projects/lisa_geko/GeKo/build/dependencies/glfw/src/glfw-build/CMakeFiles/CMakeTmp/CheckSymbolExists.c:
/* */
#include <pthread.h>

int main(int argc, char** argv)
{
  (void)argv;
#ifndef pthread_create
  return ((int*)(&pthread_create))[argc];
#else
  (void)argc;
  return 0;
#endif
}

Determining if the function pthread_create exists in the pthreads failed with the following output:
Change Dir: /home/maik/projects/lisa_geko/GeKo/build/dependencies/glfw/src/glfw-build/CMakeFiles/CMakeTmp

Run Build Command:/usr/bin/make "cmTryCompileExec1877058554/fast"
make[3]: Entering directory `/home/maik/projects/lisa_geko/GeKo/build/dependencies/glfw/src/glfw-build/CMakeFiles/CMakeTmp'
/usr/bin/make -f CMakeFiles/cmTryCompileExec1877058554.dir/build.make CMakeFiles/cmTryCompileExec1877058554.dir/build
make[4]: Entering directory `/home/maik/projects/lisa_geko/GeKo/build/dependencies/glfw/src/glfw-build/CMakeFiles/CMakeTmp'
/usr/bin/cmake -E cmake_progress_report /home/maik/projects/lisa_geko/GeKo/build/dependencies/glfw/src/glfw-build/CMakeFiles/CMakeTmp/CMakeFiles 1
Building C object CMakeFiles/cmTryCompileExec1877058554.dir/CheckFunctionExists.c.o
/usr/bin/cc   -DCHECK_FUNCTION_EXISTS=pthread_create   -o CMakeFiles/cmTryCompileExec1877058554.dir/CheckFunctionExists.c.o   -c /usr/share/cmake-2.8/Modules/CheckFunctionExists.c
Linking C executable cmTryCompileExec1877058554
/usr/bin/cmake -E cmake_link_script CMakeFiles/cmTryCompileExec1877058554.dir/link.txt --verbose=1
/usr/bin/cc   -DCHECK_FUNCTION_EXISTS=pthread_create    CMakeFiles/cmTryCompileExec1877058554.dir/CheckFunctionExists.c.o  -o cmTryCompileExec1877058554 -rdynamic -lpthreads 
/usr/bin/ld: cannot find -lpthreads
collect2: error: ld returned 1 exit status
make[4]: *** [cmTryCompileExec1877058554] Error 1
make[4]: Leaving directory `/home/maik/projects/lisa_geko/GeKo/build/dependencies/glfw/src/glfw-build/CMakeFiles/CMakeTmp'
make[3]: *** [cmTryCompileExec1877058554/fast] Error 2
make[3]: Leaving directory `/home/maik/projects/lisa_geko/GeKo/build/dependencies/glfw/src/glfw-build/CMakeFiles/CMakeTmp'


Determining if the function glXGetProcAddressEXT exists failed with the following output:
Change Dir: /home/maik/projects/lisa_geko/GeKo/build/dependencies/glfw/src/glfw-build/CMakeFiles/CMakeTmp

Run Build Command:/usr/bin/make "cmTryCompileExec4037269584/fast"
make[3]: Entering directory `/home/maik/projects/lisa_geko/GeKo/build/dependencies/glfw/src/glfw-build/CMakeFiles/CMakeTmp'
/usr/bin/make -f CMakeFiles/cmTryCompileExec4037269584.dir/build.make CMakeFiles/cmTryCompileExec4037269584.dir/build
make[4]: Entering directory `/home/maik/projects/lisa_geko/GeKo/build/dependencies/glfw/src/glfw-build/CMakeFiles/CMakeTmp'
/usr/bin/cmake -E cmake_progress_report /home/maik/projects/lisa_geko/GeKo/build/dependencies/glfw/src/glfw-build/CMakeFiles/CMakeTmp/CMakeFiles 1
Building C object CMakeFiles/cmTryCompileExec4037269584.dir/CheckFunctionExists.c.o
/usr/bin/cc   -DCHECK_FUNCTION_EXISTS=glXGetProcAddressEXT   -o CMakeFiles/cmTryCompileExec4037269584.dir/CheckFunctionExists.c.o   -c /usr/share/cmake-2.8/Modules/CheckFunctionExists.c
Linking C executable cmTryCompileExec4037269584
/usr/bin/cmake -E cmake_link_script CMakeFiles/cmTryCompileExec4037269584.dir/link.txt --verbose=1
/usr/bin/cc   -DCHECK_FUNCTION_EXISTS=glXGetProcAddressEXT    CMakeFiles/cmTryCompileExec4037269584.dir/CheckFunctionExists.c.o  -o cmTryCompileExec4037269584 -rdynamic -lGL 
CMakeFiles/cmTryCompileExec4037269584.dir/CheckFunctionExists.c.o: In function `main':
CheckFunctionExists.c:(.text+0x15): undefined reference to `glXGetProcAddressEXT'
collect2: error: ld returned 1 exit status
make[4]: Leaving directory `/home/maik/projects/lisa_geko/GeKo/build/dependencies/glfw/src/glfw-build/CMakeFiles/CMakeTmp'
make[3]: Leaving directory `/home/maik/projects/lisa_geko/GeKo/build/dependencies/glfw/src/glfw-build/CMakeFiles/CMakeTmp'
make[4]: *** [cmTryCompileExec4037269584] Error 1
make[3]: *** [cmTryCompileExec4037269584/fast] Error 2


