The system is: Linux - 3.13.0-43-generic - x86_64
Compiling the C compiler identification source file "CMakeCCompilerId.c" succeeded.
Compiler: /usr/bin/cc 
Build flags: 
Id flags: 

The output was:
0


Compilation of the C compiler identification source "CMakeCCompilerId.c" produced "a.out"

The C compiler identification is GNU, found in "/home/maik/projects/lisa_geko/GeKo/build/dependencies/glfw/src/glfw-build/CMakeFiles/2.8.12.2/CompilerIdC/a.out"

Determining if the C compiler works passed with the following output:
Change Dir: /home/maik/projects/lisa_geko/GeKo/build/dependencies/glfw/src/glfw-build/CMakeFiles/CMakeTmp

Run Build Command:/usr/bin/make "cmTryCompileExec3234960744/fast"
make[3]: Entering directory `/home/maik/projects/lisa_geko/GeKo/build/dependencies/glfw/src/glfw-build/CMakeFiles/CMakeTmp'
/usr/bin/make -f CMakeFiles/cmTryCompileExec3234960744.dir/build.make CMakeFiles/cmTryCompileExec3234960744.dir/build
make[4]: Entering directory `/home/maik/projects/lisa_geko/GeKo/build/dependencies/glfw/src/glfw-build/CMakeFiles/CMakeTmp'
/usr/bin/cmake -E cmake_progress_report /home/maik/projects/lisa_geko/GeKo/build/dependencies/glfw/src/glfw-build/CMakeFiles/CMakeTmp/CMakeFiles 1
Building C object CMakeFiles/cmTryCompileExec3234960744.dir/testCCompiler.c.o
/usr/bin/cc    -o CMakeFiles/cmTryCompileExec3234960744.dir/testCCompiler.c.o   -c /home/maik/projects/lisa_geko/GeKo/build/dependencies/glfw/src/glfw-build/CMakeFiles/CMakeTmp/testCCompiler.c
Linking C executable cmTryCompileExec3234960744
/usr/bin/cmake -E cmake_link_script CMakeFiles/cmTryCompileExec3234960744.dir/link.txt --verbose=1
/usr/bin/cc       CMakeFiles/cmTryCompileExec3234960744.dir/testCCompiler.c.o  -o cmTryCompileExec3234960744 -rdynamic 
make[4]: Leaving directory `/home/maik/projects/lisa_geko/GeKo/build/dependencies/glfw/src/glfw-build/CMakeFiles/CMakeTmp'
make[3]: Leaving directory `/home/maik/projects/lisa_geko/GeKo/build/dependencies/glfw/src/glfw-build/CMakeFiles/CMakeTmp'


Detecting C compiler ABI info compiled with the following output:
Change Dir: /home/maik/projects/lisa_geko/GeKo/build/dependencies/glfw/src/glfw-build/CMakeFiles/CMakeTmp

Run Build Command:/usr/bin/make "cmTryCompileExec3029472723/fast"
make[3]: Entering directory `/home/maik/projects/lisa_geko/GeKo/build/dependencies/glfw/src/glfw-build/CMakeFiles/CMakeTmp'
/usr/bin/make -f CMakeFiles/cmTryCompileExec3029472723.dir/build.make CMakeFiles/cmTryCompileExec3029472723.dir/build
make[4]: Entering directory `/home/maik/projects/lisa_geko/GeKo/build/dependencies/glfw/src/glfw-build/CMakeFiles/CMakeTmp'
/usr/bin/cmake -E cmake_progress_report /home/maik/projects/lisa_geko/GeKo/build/dependencies/glfw/src/glfw-build/CMakeFiles/CMakeTmp/CMakeFiles 1
Building C object CMakeFiles/cmTryCompileExec3029472723.dir/CMakeCCompilerABI.c.o
/usr/bin/cc    -o CMakeFiles/cmTryCompileExec3029472723.dir/CMakeCCompilerABI.c.o   -c /usr/share/cmake-2.8/Modules/CMakeCCompilerABI.c
Linking C executable cmTryCompileExec3029472723
/usr/bin/cmake -E cmake_link_script CMakeFiles/cmTryCompileExec3029472723.dir/link.txt --verbose=1
/usr/bin/cc     -v CMakeFiles/cmTryCompileExec3029472723.dir/CMakeCCompilerABI.c.o  -o cmTryCompileExec3029472723 -rdynamic  
Using built-in specs.
COLLECT_GCC=/usr/bin/cc
COLLECT_LTO_WRAPPER=/usr/lib/gcc/x86_64-linux-gnu/4.9/lto-wrapper
Target: x86_64-linux-gnu
Configured with: ../src/configure -v --with-pkgversion='Ubuntu 4.9.2-0ubuntu1~14.04' --with-bugurl=file:///usr/share/doc/gcc-4.9/README.Bugs --enable-languages=c,c++,java,go,d,fortran,objc,obj-c++ --prefix=/usr --program-suffix=-4.9 --enable-shared --enable-linker-build-id --libexecdir=/usr/lib --without-included-gettext --enable-threads=posix --with-gxx-include-dir=/usr/include/c++/4.9 --libdir=/usr/lib --enable-nls --with-sysroot=/ --enable-clocale=gnu --enable-libstdcxx-debug --enable-libstdcxx-time=yes --enable-gnu-unique-object --disable-vtable-verify --enable-plugin --with-system-zlib --disable-browser-plugin --enable-java-awt=gtk --enable-gtk-cairo --with-java-home=/usr/lib/jvm/java-1.5.0-gcj-4.9-amd64/jre --enable-java-home --with-jvm-root-dir=/usr/lib/jvm/java-1.5.0-gcj-4.9-amd64 --with-jvm-jar-dir=/usr/lib/jvm-exports/java-1.5.0-gcj-4.9-amd64 --with-arch-directory=amd64 --with-ecj-jar=/usr/share/java/eclipse-ecj.jar --enable-objc-gc --enable-multiarch --disable-werror --with-arch-32=i686 --with-abi=m64 --with-multilib-list=m32,m64,mx32 --enable-multilib --with-tune=generic --enable-checking=release --build=x86_64-linux-gnu --host=x86_64-linux-gnu --target=x86_64-linux-gnu
Thread model: posix
gcc version 4.9.2 (Ubuntu 4.9.2-0ubuntu1~14.04) 
COMPILER_PATH=/usr/lib/gcc/x86_64-linux-gnu/4.9/:/usr/lib/gcc/x86_64-linux-gnu/4.9/:/usr/lib/gcc/x86_64-linux-gnu/:/usr/lib/gcc/x86_64-linux-gnu/4.9/:/usr/lib/gcc/x86_64-linux-gnu/
LIBRARY_PATH=/usr/lib/gcc/x86_64-linux-gnu/4.9/:/usr/lib/gcc/x86_64-linux-gnu/4.9/../../../x86_64-linux-gnu/:/usr/lib/gcc/x86_64-linux-gnu/4.9/../../../../lib/:/lib/x86_64-linux-gnu/:/lib/../lib/:/usr/lib/x86_64-linux-gnu/:/usr/lib/../lib/:/usr/lib/gcc/x86_64-linux-gnu/4.9/../../../:/lib/:/usr/lib/
COLLECT_GCC_OPTIONS='-v' '-o' 'cmTryCompileExec3029472723' '-rdynamic' '-mtune=generic' '-march=x86-64'
 /usr/lib/gcc/x86_64-linux-gnu/4.9/collect2 -plugin /usr/lib/gcc/x86_64-linux-gnu/4.9/liblto_plugin.so -plugin-opt=/usr/lib/gcc/x86_64-linux-gnu/4.9/lto-wrapper -plugin-opt=-fresolution=/tmp/cc5iDdug.res -plugin-opt=-pass-through=-lgcc -plugin-opt=-pass-through=-lgcc_s -plugin-opt=-pass-through=-lc -plugin-opt=-pass-through=-lgcc -plugin-opt=-pass-through=-lgcc_s --sysroot=/ --build-id --eh-frame-hdr -m elf_x86_64 --hash-style=gnu --as-needed -export-dynamic -dynamic-linker /lib64/ld-linux-x86-64.so.2 -z relro -o cmTryCompileExec3029472723 /usr/lib/gcc/x86_64-linux-gnu/4.9/../../../x86_64-linux-gnu/crt1.o /usr/lib/gcc/x86_64-linux-gnu/4.9/../../../x86_64-linux-gnu/crti.o /usr/lib/gcc/x86_64-linux-gnu/4.9/crtbegin.o -L/usr/lib/gcc/x86_64-linux-gnu/4.9 -L/usr/lib/gcc/x86_64-linux-gnu/4.9/../../../x86_64-linux-gnu -L/usr/lib/gcc/x86_64-linux-gnu/4.9/../../../../lib -L/lib/x86_64-linux-gnu -L/lib/../lib -L/usr/lib/x86_64-linux-gnu -L/usr/lib/../lib -L/usr/lib/gcc/x86_64-linux-gnu/4.9/../../.. CMakeFiles/cmTryCompileExec3029472723.dir/CMakeCCompilerABI.c.o -lgcc --as-needed -lgcc_s --no-as-needed -lc -lgcc --as-needed -lgcc_s --no-as-needed /usr/lib/gcc/x86_64-linux-gnu/4.9/crtend.o /usr/lib/gcc/x86_64-linux-gnu/4.9/../../../x86_64-linux-gnu/crtn.o
make[4]: Leaving directory `/home/maik/projects/lisa_geko/GeKo/build/dependencies/glfw/src/glfw-build/CMakeFiles/CMakeTmp'
make[3]: Leaving directory `/home/maik/projects/lisa_geko/GeKo/build/dependencies/glfw/src/glfw-build/CMakeFiles/CMakeTmp'


Parsed C implicit link information from above output:
  link line regex: [^( *|.*[/\])(ld|([^/\]+-)?ld|collect2)[^/\]*( |$)]
  ignore line: [Change Dir: /home/maik/projects/lisa_geko/GeKo/build/dependencies/glfw/src/glfw-build/CMakeFiles/CMakeTmp]
  ignore line: []
  ignore line: [Run Build Command:/usr/bin/make "cmTryCompileExec3029472723/fast"]
  ignore line: [make[3]: Entering directory `/home/maik/projects/lisa_geko/GeKo/build/dependencies/glfw/src/glfw-build/CMakeFiles/CMakeTmp']
  ignore line: [/usr/bin/make -f CMakeFiles/cmTryCompileExec3029472723.dir/build.make CMakeFiles/cmTryCompileExec3029472723.dir/build]
  ignore line: [make[4]: Entering directory `/home/maik/projects/lisa_geko/GeKo/build/dependencies/glfw/src/glfw-build/CMakeFiles/CMakeTmp']
  ignore line: [/usr/bin/cmake -E cmake_progress_report /home/maik/projects/lisa_geko/GeKo/build/dependencies/glfw/src/glfw-build/CMakeFiles/CMakeTmp/CMakeFiles 1]
  ignore line: [Building C object CMakeFiles/cmTryCompileExec3029472723.dir/CMakeCCompilerABI.c.o]
  ignore line: [/usr/bin/cc    -o CMakeFiles/cmTryCompileExec3029472723.dir/CMakeCCompilerABI.c.o   -c /usr/share/cmake-2.8/Modules/CMakeCCompilerABI.c]
  ignore line: [Linking C executable cmTryCompileExec3029472723]
  ignore line: [/usr/bin/cmake -E cmake_link_script CMakeFiles/cmTryCompileExec3029472723.dir/link.txt --verbose=1]
  ignore line: [/usr/bin/cc     -v CMakeFiles/cmTryCompileExec3029472723.dir/CMakeCCompilerABI.c.o  -o cmTryCompileExec3029472723 -rdynamic  ]
  ignore line: [Using built-in specs.]
  ignore line: [COLLECT_GCC=/usr/bin/cc]
  ignore line: [COLLECT_LTO_WRAPPER=/usr/lib/gcc/x86_64-linux-gnu/4.9/lto-wrapper]
  ignore line: [Target: x86_64-linux-gnu]
  ignore line: [Configured with: ../src/configure -v --with-pkgversion='Ubuntu 4.9.2-0ubuntu1~14.04' --with-bugurl=file:///usr/share/doc/gcc-4.9/README.Bugs --enable-languages=c,c++,java,go,d,fortran,objc,obj-c++ --prefix=/usr --program-suffix=-4.9 --enable-shared --enable-linker-build-id --libexecdir=/usr/lib --without-included-gettext --enable-threads=posix --with-gxx-include-dir=/usr/include/c++/4.9 --libdir=/usr/lib --enable-nls --with-sysroot=/ --enable-clocale=gnu --enable-libstdcxx-debug --enable-libstdcxx-time=yes --enable-gnu-unique-object --disable-vtable-verify --enable-plugin --with-system-zlib --disable-browser-plugin --enable-java-awt=gtk --enable-gtk-cairo --with-java-home=/usr/lib/jvm/java-1.5.0-gcj-4.9-amd64/jre --enable-java-home --with-jvm-root-dir=/usr/lib/jvm/java-1.5.0-gcj-4.9-amd64 --with-jvm-jar-dir=/usr/lib/jvm-exports/java-1.5.0-gcj-4.9-amd64 --with-arch-directory=amd64 --with-ecj-jar=/usr/share/java/eclipse-ecj.jar --enable-objc-gc --enable-multiarch --disable-werror --with-arch-32=i686 --with-abi=m64 --with-multilib-list=m32,m64,mx32 --enable-multilib --with-tune=generic --enable-checking=release --build=x86_64-linux-gnu --host=x86_64-linux-gnu --target=x86_64-linux-gnu]
  ignore line: [Thread model: posix]
  ignore line: [gcc version 4.9.2 (Ubuntu 4.9.2-0ubuntu1~14.04) ]
  ignore line: [COMPILER_PATH=/usr/lib/gcc/x86_64-linux-gnu/4.9/:/usr/lib/gcc/x86_64-linux-gnu/4.9/:/usr/lib/gcc/x86_64-linux-gnu/:/usr/lib/gcc/x86_64-linux-gnu/4.9/:/usr/lib/gcc/x86_64-linux-gnu/]
  ignore line: [LIBRARY_PATH=/usr/lib/gcc/x86_64-linux-gnu/4.9/:/usr/lib/gcc/x86_64-linux-gnu/4.9/../../../x86_64-linux-gnu/:/usr/lib/gcc/x86_64-linux-gnu/4.9/../../../../lib/:/lib/x86_64-linux-gnu/:/lib/../lib/:/usr/lib/x86_64-linux-gnu/:/usr/lib/../lib/:/usr/lib/gcc/x86_64-linux-gnu/4.9/../../../:/lib/:/usr/lib/]
  ignore line: [COLLECT_GCC_OPTIONS='-v' '-o' 'cmTryCompileExec3029472723' '-rdynamic' '-mtune=generic' '-march=x86-64']
  link line: [ /usr/lib/gcc/x86_64-linux-gnu/4.9/collect2 -plugin /usr/lib/gcc/x86_64-linux-gnu/4.9/liblto_plugin.so -plugin-opt=/usr/lib/gcc/x86_64-linux-gnu/4.9/lto-wrapper -plugin-opt=-fresolution=/tmp/cc5iDdug.res -plugin-opt=-pass-through=-lgcc -plugin-opt=-pass-through=-lgcc_s -plugin-opt=-pass-through=-lc -plugin-opt=-pass-through=-lgcc -plugin-opt=-pass-through=-lgcc_s --sysroot=/ --build-id --eh-frame-hdr -m elf_x86_64 --hash-style=gnu --as-needed -export-dynamic -dynamic-linker /lib64/ld-linux-x86-64.so.2 -z relro -o cmTryCompileExec3029472723 /usr/lib/gcc/x86_64-linux-gnu/4.9/../../../x86_64-linux-gnu/crt1.o /usr/lib/gcc/x86_64-linux-gnu/4.9/../../../x86_64-linux-gnu/crti.o /usr/lib/gcc/x86_64-linux-gnu/4.9/crtbegin.o -L/usr/lib/gcc/x86_64-linux-gnu/4.9 -L/usr/lib/gcc/x86_64-linux-gnu/4.9/../../../x86_64-linux-gnu -L/usr/lib/gcc/x86_64-linux-gnu/4.9/../../../../lib -L/lib/x86_64-linux-gnu -L/lib/../lib -L/usr/lib/x86_64-linux-gnu -L/usr/lib/../lib -L/usr/lib/gcc/x86_64-linux-gnu/4.9/../../.. CMakeFiles/cmTryCompileExec3029472723.dir/CMakeCCompilerABI.c.o -lgcc --as-needed -lgcc_s --no-as-needed -lc -lgcc --as-needed -lgcc_s --no-as-needed /usr/lib/gcc/x86_64-linux-gnu/4.9/crtend.o /usr/lib/gcc/x86_64-linux-gnu/4.9/../../../x86_64-linux-gnu/crtn.o]
    arg [/usr/lib/gcc/x86_64-linux-gnu/4.9/collect2] ==> ignore
    arg [-plugin] ==> ignore
    arg [/usr/lib/gcc/x86_64-linux-gnu/4.9/liblto_plugin.so] ==> ignore
    arg [-plugin-opt=/usr/lib/gcc/x86_64-linux-gnu/4.9/lto-wrapper] ==> ignore
    arg [-plugin-opt=-fresolution=/tmp/cc5iDdug.res] ==> ignore
    arg [-plugin-opt=-pass-through=-lgcc] ==> ignore
    arg [-plugin-opt=-pass-through=-lgcc_s] ==> ignore
    arg [-plugin-opt=-pass-through=-lc] ==> ignore
    arg [-plugin-opt=-pass-through=-lgcc] ==> ignore
    arg [-plugin-opt=-pass-through=-lgcc_s] ==> ignore
    arg [--sysroot=/] ==> ignore
    arg [--build-id] ==> ignore
    arg [--eh-frame-hdr] ==> ignore
    arg [-m] ==> ignore
    arg [elf_x86_64] ==> ignore
    arg [--hash-style=gnu] ==> ignore
    arg [--as-needed] ==> ignore
    arg [-export-dynamic] ==> ignore
    arg [-dynamic-linker] ==> ignore
    arg [/lib64/ld-linux-x86-64.so.2] ==> ignore
    arg [-zrelro] ==> ignore
    arg [-o] ==> ignore
    arg [cmTryCompileExec3029472723] ==> ignore
    arg [/usr/lib/gcc/x86_64-linux-gnu/4.9/../../../x86_64-linux-gnu/crt1.o] ==> ignore
    arg [/usr/lib/gcc/x86_64-linux-gnu/4.9/../../../x86_64-linux-gnu/crti.o] ==> ignore
    arg [/usr/lib/gcc/x86_64-linux-gnu/4.9/crtbegin.o] ==> ignore
    arg [-L/usr/lib/gcc/x86_64-linux-gnu/4.9] ==> dir [/usr/lib/gcc/x86_64-linux-gnu/4.9]
    arg [-L/usr/lib/gcc/x86_64-linux-gnu/4.9/../../../x86_64-linux-gnu] ==> dir [/usr/lib/gcc/x86_64-linux-gnu/4.9/../../../x86_64-linux-gnu]
    arg [-L/usr/lib/gcc/x86_64-linux-gnu/4.9/../../../../lib] ==> dir [/usr/lib/gcc/x86_64-linux-gnu/4.9/../../../../lib]
    arg [-L/lib/x86_64-linux-gnu] ==> dir [/lib/x86_64-linux-gnu]
    arg [-L/lib/../lib] ==> dir [/lib/../lib]
    arg [-L/usr/lib/x86_64-linux-gnu] ==> dir [/usr/lib/x86_64-linux-gnu]
    arg [-L/usr/lib/../lib] ==> dir [/usr/lib/../lib]
    arg [-L/usr/lib/gcc/x86_64-linux-gnu/4.9/../../..] ==> dir [/usr/lib/gcc/x86_64-linux-gnu/4.9/../../..]
    arg [CMakeFiles/cmTryCompileExec3029472723.dir/CMakeCCompilerABI.c.o] ==> ignore
    arg [-lgcc] ==> lib [gcc]
    arg [--as-needed] ==> ignore
    arg [-lgcc_s] ==> lib [gcc_s]
    arg [--no-as-needed] ==> ignore
    arg [-lc] ==> lib [c]
    arg [-lgcc] ==> lib [gcc]
    arg [--as-needed] ==> ignore
    arg [-lgcc_s] ==> lib [gcc_s]
    arg [--no-as-needed] ==> ignore
    arg [/usr/lib/gcc/x86_64-linux-gnu/4.9/crtend.o] ==> ignore
    arg [/usr/lib/gcc/x86_64-linux-gnu/4.9/../../../x86_64-linux-gnu/crtn.o] ==> ignore
  remove lib [gcc]
  remove lib [gcc_s]
  remove lib [gcc]
  remove lib [gcc_s]
  collapse library dir [/usr/lib/gcc/x86_64-linux-gnu/4.9] ==> [/usr/lib/gcc/x86_64-linux-gnu/4.9]
  collapse library dir [/usr/lib/gcc/x86_64-linux-gnu/4.9/../../../x86_64-linux-gnu] ==> [/usr/lib/x86_64-linux-gnu]
  collapse library dir [/usr/lib/gcc/x86_64-linux-gnu/4.9/../../../../lib] ==> [/usr/lib]
  collapse library dir [/lib/x86_64-linux-gnu] ==> [/lib/x86_64-linux-gnu]
  collapse library dir [/lib/../lib] ==> [/lib]
  collapse library dir [/usr/lib/x86_64-linux-gnu] ==> [/usr/lib/x86_64-linux-gnu]
  collapse library dir [/usr/lib/../lib] ==> [/usr/lib]
  collapse library dir [/usr/lib/gcc/x86_64-linux-gnu/4.9/../../..] ==> [/usr/lib]
  implicit libs: [c]
  implicit dirs: [/usr/lib/gcc/x86_64-linux-gnu/4.9;/usr/lib/x86_64-linux-gnu;/usr/lib;/lib/x86_64-linux-gnu;/lib]
  implicit fwks: []


Determining if the function XOpenDisplay exists in the /usr/lib/x86_64-linux-gnu/libX11.so;/usr/lib/x86_64-linux-gnu/libXext.so passed with the following output:
Change Dir: /home/maik/projects/lisa_geko/GeKo/build/dependencies/glfw/src/glfw-build/CMakeFiles/CMakeTmp

Run Build Command:/usr/bin/make "cmTryCompileExec1245555458/fast"
make[3]: Entering directory `/home/maik/projects/lisa_geko/GeKo/build/dependencies/glfw/src/glfw-build/CMakeFiles/CMakeTmp'
/usr/bin/make -f CMakeFiles/cmTryCompileExec1245555458.dir/build.make CMakeFiles/cmTryCompileExec1245555458.dir/build
make[4]: Entering directory `/home/maik/projects/lisa_geko/GeKo/build/dependencies/glfw/src/glfw-build/CMakeFiles/CMakeTmp'
/usr/bin/cmake -E cmake_progress_report /home/maik/projects/lisa_geko/GeKo/build/dependencies/glfw/src/glfw-build/CMakeFiles/CMakeTmp/CMakeFiles 1
Building C object CMakeFiles/cmTryCompileExec1245555458.dir/CheckFunctionExists.c.o
/usr/bin/cc   -DCHECK_FUNCTION_EXISTS=XOpenDisplay   -o CMakeFiles/cmTryCompileExec1245555458.dir/CheckFunctionExists.c.o   -c /usr/share/cmake-2.8/Modules/CheckFunctionExists.c
Linking C executable cmTryCompileExec1245555458
/usr/bin/cmake -E cmake_link_script CMakeFiles/cmTryCompileExec1245555458.dir/link.txt --verbose=1
/usr/bin/cc   -DCHECK_FUNCTION_EXISTS=XOpenDisplay    CMakeFiles/cmTryCompileExec1245555458.dir/CheckFunctionExists.c.o  -o cmTryCompileExec1245555458 -rdynamic -lX11 -lXext 
make[4]: Leaving directory `/home/maik/projects/lisa_geko/GeKo/build/dependencies/glfw/src/glfw-build/CMakeFiles/CMakeTmp'
make[3]: Leaving directory `/home/maik/projects/lisa_geko/GeKo/build/dependencies/glfw/src/glfw-build/CMakeFiles/CMakeTmp'


Determining if the function gethostbyname exists passed with the following output:
Change Dir: /home/maik/projects/lisa_geko/GeKo/build/dependencies/glfw/src/glfw-build/CMakeFiles/CMakeTmp

Run Build Command:/usr/bin/make "cmTryCompileExec2999394702/fast"
make[3]: Entering directory `/home/maik/projects/lisa_geko/GeKo/build/dependencies/glfw/src/glfw-build/CMakeFiles/CMakeTmp'
/usr/bin/make -f CMakeFiles/cmTryCompileExec2999394702.dir/build.make CMakeFiles/cmTryCompileExec2999394702.dir/build
make[4]: Entering directory `/home/maik/projects/lisa_geko/GeKo/build/dependencies/glfw/src/glfw-build/CMakeFiles/CMakeTmp'
/usr/bin/cmake -E cmake_progress_report /home/maik/projects/lisa_geko/GeKo/build/dependencies/glfw/src/glfw-build/CMakeFiles/CMakeTmp/CMakeFiles 1
Building C object CMakeFiles/cmTryCompileExec2999394702.dir/CheckFunctionExists.c.o
/usr/bin/cc   -DCHECK_FUNCTION_EXISTS=gethostbyname   -o CMakeFiles/cmTryCompileExec2999394702.dir/CheckFunctionExists.c.o   -c /usr/share/cmake-2.8/Modules/CheckFunctionExists.c
Linking C executable cmTryCompileExec2999394702
/usr/bin/cmake -E cmake_link_script CMakeFiles/cmTryCompileExec2999394702.dir/link.txt --verbose=1
/usr/bin/cc   -DCHECK_FUNCTION_EXISTS=gethostbyname    CMakeFiles/cmTryCompileExec2999394702.dir/CheckFunctionExists.c.o  -o cmTryCompileExec2999394702 -rdynamic 
make[4]: Leaving directory `/home/maik/projects/lisa_geko/GeKo/build/dependencies/glfw/src/glfw-build/CMakeFiles/CMakeTmp'
make[3]: Leaving directory `/home/maik/projects/lisa_geko/GeKo/build/dependencies/glfw/src/glfw-build/CMakeFiles/CMakeTmp'


Determining if the function connect exists passed with the following output:
Change Dir: /home/maik/projects/lisa_geko/GeKo/build/dependencies/glfw/src/glfw-build/CMakeFiles/CMakeTmp

Run Build Command:/usr/bin/make "cmTryCompileExec1559032737/fast"
make[3]: Entering directory `/home/maik/projects/lisa_geko/GeKo/build/dependencies/glfw/src/glfw-build/CMakeFiles/CMakeTmp'
/usr/bin/make -f CMakeFiles/cmTryCompileExec1559032737.dir/build.make CMakeFiles/cmTryCompileExec1559032737.dir/build
make[4]: Entering directory `/home/maik/projects/lisa_geko/GeKo/build/dependencies/glfw/src/glfw-build/CMakeFiles/CMakeTmp'
/usr/bin/cmake -E cmake_progress_report /home/maik/projects/lisa_geko/GeKo/build/dependencies/glfw/src/glfw-build/CMakeFiles/CMakeTmp/CMakeFiles 1
Building C object CMakeFiles/cmTryCompileExec1559032737.dir/CheckFunctionExists.c.o
/usr/bin/cc   -DCHECK_FUNCTION_EXISTS=connect   -o CMakeFiles/cmTryCompileExec1559032737.dir/CheckFunctionExists.c.o   -c /usr/share/cmake-2.8/Modules/CheckFunctionExists.c
Linking C executable cmTryCompileExec1559032737
/usr/bin/cmake -E cmake_link_script CMakeFiles/cmTryCompileExec1559032737.dir/link.txt --verbose=1
/usr/bin/cc   -DCHECK_FUNCTION_EXISTS=connect    CMakeFiles/cmTryCompileExec1559032737.dir/CheckFunctionExists.c.o  -o cmTryCompileExec1559032737 -rdynamic 
make[4]: Leaving directory `/home/maik/projects/lisa_geko/GeKo/build/dependencies/glfw/src/glfw-build/CMakeFiles/CMakeTmp'
make[3]: Leaving directory `/home/maik/projects/lisa_geko/GeKo/build/dependencies/glfw/src/glfw-build/CMakeFiles/CMakeTmp'


Determining if the function remove exists passed with the following output:
Change Dir: /home/maik/projects/lisa_geko/GeKo/build/dependencies/glfw/src/glfw-build/CMakeFiles/CMakeTmp

Run Build Command:/usr/bin/make "cmTryCompileExec2298626199/fast"
make[3]: Entering directory `/home/maik/projects/lisa_geko/GeKo/build/dependencies/glfw/src/glfw-build/CMakeFiles/CMakeTmp'
/usr/bin/make -f CMakeFiles/cmTryCompileExec2298626199.dir/build.make CMakeFiles/cmTryCompileExec2298626199.dir/build
make[4]: Entering directory `/home/maik/projects/lisa_geko/GeKo/build/dependencies/glfw/src/glfw-build/CMakeFiles/CMakeTmp'
/usr/bin/cmake -E cmake_progress_report /home/maik/projects/lisa_geko/GeKo/build/dependencies/glfw/src/glfw-build/CMakeFiles/CMakeTmp/CMakeFiles 1
Building C object CMakeFiles/cmTryCompileExec2298626199.dir/CheckFunctionExists.c.o
/usr/bin/cc   -DCHECK_FUNCTION_EXISTS=remove   -o CMakeFiles/cmTryCompileExec2298626199.dir/CheckFunctionExists.c.o   -c /usr/share/cmake-2.8/Modules/CheckFunctionExists.c
Linking C executable cmTryCompileExec2298626199
/usr/bin/cmake -E cmake_link_script CMakeFiles/cmTryCompileExec2298626199.dir/link.txt --verbose=1
/usr/bin/cc   -DCHECK_FUNCTION_EXISTS=remove    CMakeFiles/cmTryCompileExec2298626199.dir/CheckFunctionExists.c.o  -o cmTryCompileExec2298626199 -rdynamic 
make[4]: Leaving directory `/home/maik/projects/lisa_geko/GeKo/build/dependencies/glfw/src/glfw-build/CMakeFiles/CMakeTmp'
make[3]: Leaving directory `/home/maik/projects/lisa_geko/GeKo/build/dependencies/glfw/src/glfw-build/CMakeFiles/CMakeTmp'


Determining if the function shmat exists passed with the following output:
Change Dir: /home/maik/projects/lisa_geko/GeKo/build/dependencies/glfw/src/glfw-build/CMakeFiles/CMakeTmp

Run Build Command:/usr/bin/make "cmTryCompileExec3838338628/fast"
make[3]: Entering directory `/home/maik/projects/lisa_geko/GeKo/build/dependencies/glfw/src/glfw-build/CMakeFiles/CMakeTmp'
/usr/bin/make -f CMakeFiles/cmTryCompileExec3838338628.dir/build.make CMakeFiles/cmTryCompileExec3838338628.dir/build
make[4]: Entering directory `/home/maik/projects/lisa_geko/GeKo/build/dependencies/glfw/src/glfw-build/CMakeFiles/CMakeTmp'
/usr/bin/cmake -E cmake_progress_report /home/maik/projects/lisa_geko/GeKo/build/dependencies/glfw/src/glfw-build/CMakeFiles/CMakeTmp/CMakeFiles 1
Building C object CMakeFiles/cmTryCompileExec3838338628.dir/CheckFunctionExists.c.o
/usr/bin/cc   -DCHECK_FUNCTION_EXISTS=shmat   -o CMakeFiles/cmTryCompileExec3838338628.dir/CheckFunctionExists.c.o   -c /usr/share/cmake-2.8/Modules/CheckFunctionExists.c
Linking C executable cmTryCompileExec3838338628
/usr/bin/cmake -E cmake_link_script CMakeFiles/cmTryCompileExec3838338628.dir/link.txt --verbose=1
/usr/bin/cc   -DCHECK_FUNCTION_EXISTS=shmat    CMakeFiles/cmTryCompileExec3838338628.dir/CheckFunctionExists.c.o  -o cmTryCompileExec3838338628 -rdynamic 
make[4]: Leaving directory `/home/maik/projects/lisa_geko/GeKo/build/dependencies/glfw/src/glfw-build/CMakeFiles/CMakeTmp'
make[3]: Leaving directory `/home/maik/projects/lisa_geko/GeKo/build/dependencies/glfw/src/glfw-build/CMakeFiles/CMakeTmp'


Determining if the function IceConnectionNumber exists in the ICE passed with the following output:
Change Dir: /home/maik/projects/lisa_geko/GeKo/build/dependencies/glfw/src/glfw-build/CMakeFiles/CMakeTmp

Run Build Command:/usr/bin/make "cmTryCompileExec3345639489/fast"
make[3]: Entering directory `/home/maik/projects/lisa_geko/GeKo/build/dependencies/glfw/src/glfw-build/CMakeFiles/CMakeTmp'
/usr/bin/make -f CMakeFiles/cmTryCompileExec3345639489.dir/build.make CMakeFiles/cmTryCompileExec3345639489.dir/build
make[4]: Entering directory `/home/maik/projects/lisa_geko/GeKo/build/dependencies/glfw/src/glfw-build/CMakeFiles/CMakeTmp'
/usr/bin/cmake -E cmake_progress_report /home/maik/projects/lisa_geko/GeKo/build/dependencies/glfw/src/glfw-build/CMakeFiles/CMakeTmp/CMakeFiles 1
Building C object CMakeFiles/cmTryCompileExec3345639489.dir/CheckFunctionExists.c.o
/usr/bin/cc   -DCHECK_FUNCTION_EXISTS=IceConnectionNumber   -o CMakeFiles/cmTryCompileExec3345639489.dir/CheckFunctionExists.c.o   -c /usr/share/cmake-2.8/Modules/CheckFunctionExists.c
Linking C executable cmTryCompileExec3345639489
/usr/bin/cmake -E cmake_link_script CMakeFiles/cmTryCompileExec3345639489.dir/link.txt --verbose=1
/usr/bin/cc   -DCHECK_FUNCTION_EXISTS=IceConnectionNumber    CMakeFiles/cmTryCompileExec3345639489.dir/CheckFunctionExists.c.o  -o cmTryCompileExec3345639489 -rdynamic -lICE 
make[4]: Leaving directory `/home/maik/projects/lisa_geko/GeKo/build/dependencies/glfw/src/glfw-build/CMakeFiles/CMakeTmp'
make[3]: Leaving directory `/home/maik/projects/lisa_geko/GeKo/build/dependencies/glfw/src/glfw-build/CMakeFiles/CMakeTmp'


Determining if files pthread.h exist passed with the following output:
Change Dir: /home/maik/projects/lisa_geko/GeKo/build/dependencies/glfw/src/glfw-build/CMakeFiles/CMakeTmp

Run Build Command:/usr/bin/make "cmTryCompileExec35108770/fast"
make[3]: Entering directory `/home/maik/projects/lisa_geko/GeKo/build/dependencies/glfw/src/glfw-build/CMakeFiles/CMakeTmp'
/usr/bin/make -f CMakeFiles/cmTryCompileExec35108770.dir/build.make CMakeFiles/cmTryCompileExec35108770.dir/build
make[4]: Entering directory `/home/maik/projects/lisa_geko/GeKo/build/dependencies/glfw/src/glfw-build/CMakeFiles/CMakeTmp'
/usr/bin/cmake -E cmake_progress_report /home/maik/projects/lisa_geko/GeKo/build/dependencies/glfw/src/glfw-build/CMakeFiles/CMakeTmp/CMakeFiles 1
Building C object CMakeFiles/cmTryCompileExec35108770.dir/CheckIncludeFiles.c.o
/usr/bin/cc    -o CMakeFiles/cmTryCompileExec35108770.dir/CheckIncludeFiles.c.o   -c /home/maik/projects/lisa_geko/GeKo/build/dependencies/glfw/src/glfw-build/CMakeFiles/CMakeTmp/CheckIncludeFiles.c
Linking C executable cmTryCompileExec35108770
/usr/bin/cmake -E cmake_link_script CMakeFiles/cmTryCompileExec35108770.dir/link.txt --verbose=1
/usr/bin/cc       CMakeFiles/cmTryCompileExec35108770.dir/CheckIncludeFiles.c.o  -o cmTryCompileExec35108770 -rdynamic 
make[4]: Leaving directory `/home/maik/projects/lisa_geko/GeKo/build/dependencies/glfw/src/glfw-build/CMakeFiles/CMakeTmp'
make[3]: Leaving directory `/home/maik/projects/lisa_geko/GeKo/build/dependencies/glfw/src/glfw-build/CMakeFiles/CMakeTmp'


Determining if the function pthread_create exists in the pthread passed with the following output:
Change Dir: /home/maik/projects/lisa_geko/GeKo/build/dependencies/glfw/src/glfw-build/CMakeFiles/CMakeTmp

Run Build Command:/usr/bin/make "cmTryCompileExec222614561/fast"
make[3]: Entering directory `/home/maik/projects/lisa_geko/GeKo/build/dependencies/glfw/src/glfw-build/CMakeFiles/CMakeTmp'
/usr/bin/make -f CMakeFiles/cmTryCompileExec222614561.dir/build.make CMakeFiles/cmTryCompileExec222614561.dir/build
make[4]: Entering directory `/home/maik/projects/lisa_geko/GeKo/build/dependencies/glfw/src/glfw-build/CMakeFiles/CMakeTmp'
/usr/bin/cmake -E cmake_progress_report /home/maik/projects/lisa_geko/GeKo/build/dependencies/glfw/src/glfw-build/CMakeFiles/CMakeTmp/CMakeFiles 1
Building C object CMakeFiles/cmTryCompileExec222614561.dir/CheckFunctionExists.c.o
/usr/bin/cc   -DCHECK_FUNCTION_EXISTS=pthread_create   -o CMakeFiles/cmTryCompileExec222614561.dir/CheckFunctionExists.c.o   -c /usr/share/cmake-2.8/Modules/CheckFunctionExists.c
Linking C executable cmTryCompileExec222614561
/usr/bin/cmake -E cmake_link_script CMakeFiles/cmTryCompileExec222614561.dir/link.txt --verbose=1
/usr/bin/cc   -DCHECK_FUNCTION_EXISTS=pthread_create    CMakeFiles/cmTryCompileExec222614561.dir/CheckFunctionExists.c.o  -o cmTryCompileExec222614561 -rdynamic -lpthread 
make[4]: Leaving directory `/home/maik/projects/lisa_geko/GeKo/build/dependencies/glfw/src/glfw-build/CMakeFiles/CMakeTmp'
make[3]: Leaving directory `/home/maik/projects/lisa_geko/GeKo/build/dependencies/glfw/src/glfw-build/CMakeFiles/CMakeTmp'


Determining if the function glXGetProcAddress exists passed with the following output:
Change Dir: /home/maik/projects/lisa_geko/GeKo/build/dependencies/glfw/src/glfw-build/CMakeFiles/CMakeTmp

Run Build Command:/usr/bin/make "cmTryCompileExec430199819/fast"
make[3]: Entering directory `/home/maik/projects/lisa_geko/GeKo/build/dependencies/glfw/src/glfw-build/CMakeFiles/CMakeTmp'
/usr/bin/make -f CMakeFiles/cmTryCompileExec430199819.dir/build.make CMakeFiles/cmTryCompileExec430199819.dir/build
make[4]: Entering directory `/home/maik/projects/lisa_geko/GeKo/build/dependencies/glfw/src/glfw-build/CMakeFiles/CMakeTmp'
/usr/bin/cmake -E cmake_progress_report /home/maik/projects/lisa_geko/GeKo/build/dependencies/glfw/src/glfw-build/CMakeFiles/CMakeTmp/CMakeFiles 1
Building C object CMakeFiles/cmTryCompileExec430199819.dir/CheckFunctionExists.c.o
/usr/bin/cc   -DCHECK_FUNCTION_EXISTS=glXGetProcAddress   -o CMakeFiles/cmTryCompileExec430199819.dir/CheckFunctionExists.c.o   -c /usr/share/cmake-2.8/Modules/CheckFunctionExists.c
Linking C executable cmTryCompileExec430199819
/usr/bin/cmake -E cmake_link_script CMakeFiles/cmTryCompileExec430199819.dir/link.txt --verbose=1
/usr/bin/cc   -DCHECK_FUNCTION_EXISTS=glXGetProcAddress    CMakeFiles/cmTryCompileExec430199819.dir/CheckFunctionExists.c.o  -o cmTryCompileExec430199819 -rdynamic -lGL 
make[4]: Leaving directory `/home/maik/projects/lisa_geko/GeKo/build/dependencies/glfw/src/glfw-build/CMakeFiles/CMakeTmp'
make[3]: Leaving directory `/home/maik/projects/lisa_geko/GeKo/build/dependencies/glfw/src/glfw-build/CMakeFiles/CMakeTmp'


Determining if the function glXGetProcAddressARB exists passed with the following output:
Change Dir: /home/maik/projects/lisa_geko/GeKo/build/dependencies/glfw/src/glfw-build/CMakeFiles/CMakeTmp

Run Build Command:/usr/bin/make "cmTryCompileExec2764661946/fast"
make[3]: Entering directory `/home/maik/projects/lisa_geko/GeKo/build/dependencies/glfw/src/glfw-build/CMakeFiles/CMakeTmp'
/usr/bin/make -f CMakeFiles/cmTryCompileExec2764661946.dir/build.make CMakeFiles/cmTryCompileExec2764661946.dir/build
make[4]: Entering directory `/home/maik/projects/lisa_geko/GeKo/build/dependencies/glfw/src/glfw-build/CMakeFiles/CMakeTmp'
/usr/bin/cmake -E cmake_progress_report /home/maik/projects/lisa_geko/GeKo/build/dependencies/glfw/src/glfw-build/CMakeFiles/CMakeTmp/CMakeFiles 1
Building C object CMakeFiles/cmTryCompileExec2764661946.dir/CheckFunctionExists.c.o
/usr/bin/cc   -DCHECK_FUNCTION_EXISTS=glXGetProcAddressARB   -o CMakeFiles/cmTryCompileExec2764661946.dir/CheckFunctionExists.c.o   -c /usr/share/cmake-2.8/Modules/CheckFunctionExists.c
Linking C executable cmTryCompileExec2764661946
/usr/bin/cmake -E cmake_link_script CMakeFiles/cmTryCompileExec2764661946.dir/link.txt --verbose=1
/usr/bin/cc   -DCHECK_FUNCTION_EXISTS=glXGetProcAddressARB    CMakeFiles/cmTryCompileExec2764661946.dir/CheckFunctionExists.c.o  -o cmTryCompileExec2764661946 -rdynamic -lGL 
make[4]: Leaving directory `/home/maik/projects/lisa_geko/GeKo/build/dependencies/glfw/src/glfw-build/CMakeFiles/CMakeTmp'
make[3]: Leaving directory `/home/maik/projects/lisa_geko/GeKo/build/dependencies/glfw/src/glfw-build/CMakeFiles/CMakeTmp'


